<html>
<head>
<title>TestNG:  FirefoxTest</title>
<link href="../testng.css" rel="stylesheet" type="text/css" />
<link href="../my-testng.css" rel="stylesheet" type="text/css" />

<style type="text/css">
.log { display: none;} 
.stack-trace { display: none;} 
</style>
<script type="text/javascript">
<!--
function flip(e) {
  current = e.style.display;
  if (current == 'block') {
    e.style.display = 'none';
    return 0;
  }
  else {
    e.style.display = 'block';
    return 1;
  }
}

function toggleBox(szDivId, elem, msg1, msg2)
{
  var res = -1;  if (document.getElementById) {
    res = flip(document.getElementById(szDivId));
  }
  else if (document.all) {
    // this is the way old msie versions work
    res = flip(document.all[szDivId]);
  }
  if(elem) {
    if(res == 0) elem.innerHTML = msg1; else elem.innerHTML = msg2;
  }

}

function toggleAllBoxes() {
  if (document.getElementsByTagName) {
    d = document.getElementsByTagName('div');
    for (i = 0; i < d.length; i++) {
      if (d[i].className == 'log') {
        flip(d[i]);
      }
    }
  }
}

// -->
</script>

</head>
<body>
<h2 align='center'>FirefoxTest</h2><table border='1' align="center">
<tr>
<td>Tests passed/Failed/Skipped:</td><td>0/0/5</td>
</tr><tr>
<td>Started on:</td><td>Wed Sep 21 08:53:33 EDT 2022</td>
</tr>
<tr><td>Total time:</td><td>0 seconds (140 ms)</td>
</tr><tr>
<td>Included groups:</td><td></td>
</tr><tr>
<td>Excluded groups:</td><td></td>
</tr>
</table><p/>
<small><i>(Hover the method name to see the test class name)</i></small><p/>
<table width='100%' border='1' class='invocation-failed'>
<tr><td colspan='4' align='center'><b>FAILED CONFIGURATIONS</b></td></tr>
<tr><td><b>Test method</b></td>
<td width="30%"><b>Exception</b></td>
<td width="10%"><b>Time (seconds)</b></td>
<td><b>Instance</b></td>
</tr>
<tr>
<td title='temptest.FbTestng.launchBrowser()'><b>launchBrowser</b><br>Test class: temptest.FbTestng<br>Parameters: Firefox</td>
<td><div><pre>java.lang.NullPointerException: Cannot invoke &quot;org.openqa.selenium.WebDriver.manage()&quot; because &quot;this.driver&quot; is null
	at temptest.FbTestng.launchBrowser(FbTestng.java:47)
... Removed 22 stack frames</pre></div><a href='#' onClick='toggleBox("stack-trace1495161082", this, "Click to show all stack frames", "Click to hide stack frames")'>Click to show all stack frames</a>
<div class='stack-trace' id='stack-trace1495161082'><pre>java.lang.NullPointerException: Cannot invoke &quot;org.openqa.selenium.WebDriver.manage()&quot; because &quot;this.driver&quot; is null
	at temptest.FbTestng.launchBrowser(FbTestng.java:47)
	at java.base/jdk.internal.reflect.DirectMethodHandleAccessor.invoke(DirectMethodHandleAccessor.java:104)
	at java.base/java.lang.reflect.Method.invoke(Method.java:577)
	at org.testng.internal.MethodInvocationHelper.invokeMethod(MethodInvocationHelper.java:133)
	at org.testng.internal.MethodInvocationHelper.invokeMethodConsideringTimeout(MethodInvocationHelper.java:62)
	at org.testng.internal.ConfigInvoker.invokeConfigurationMethod(ConfigInvoker.java:385)
	at org.testng.internal.ConfigInvoker.invokeConfigurations(ConfigInvoker.java:321)
	at org.testng.TestRunner.invokeTestConfigurations(TestRunner.java:637)
	at org.testng.TestRunner.beforeRun(TestRunner.java:627)
	at org.testng.TestRunner.run(TestRunner.java:589)
	at org.testng.SuiteRunner.runTest(SuiteRunner.java:377)
	at org.testng.SuiteRunner.runSequentially(SuiteRunner.java:371)
	at org.testng.SuiteRunner.privateRun(SuiteRunner.java:332)
	at org.testng.SuiteRunner.run(SuiteRunner.java:276)
	at org.testng.SuiteRunnerWorker.runSuite(SuiteRunnerWorker.java:53)
	at org.testng.SuiteRunnerWorker.run(SuiteRunnerWorker.java:96)
	at org.testng.TestNG.runSuitesSequentially(TestNG.java:1212)
	at org.testng.TestNG.runSuitesLocally(TestNG.java:1134)
	at org.testng.TestNG.runSuites(TestNG.java:1063)
	at org.testng.TestNG.run(TestNG.java:1031)
	at org.testng.remote.AbstractRemoteTestNG.run(AbstractRemoteTestNG.java:115)
	at org.testng.remote.RemoteTestNG.initAndRun(RemoteTestNG.java:251)
	at org.testng.remote.RemoteTestNG.main(RemoteTestNG.java:77)
</pre></div></td>
<td>0</td>
<td>temptest.FbTestng@6aeb35e6</td></tr>
</table><p>
<table width='100%' border='1' class='invocation-skipped'>
<tr><td colspan='4' align='center'><b>SKIPPED CONFIGURATIONS</b></td></tr>
<tr><td><b>Test method</b></td>
<td width="30%"><b>Exception</b></td>
<td width="10%"><b>Time (seconds)</b></td>
<td><b>Instance</b></td>
</tr>
<tr>
<td title='temptest.FbTestng.openRoomsPage()'><b>openRoomsPage</b><br>Test class: temptest.FbTestng</td>
<td></td>
<td>-1663764813</td>
<td>temptest.FbTestng@6aeb35e6</td></tr>
<tr>
<td title='temptest.FbTestng2.cleanPOMobjects()'><b>cleanPOMobjects</b><br>Test class: temptest.FbTestng2</td>
<td></td>
<td>-1663764813</td>
<td>temptest.FbTestng2@1283bb96</td></tr>
<tr>
<td title='temptest.FbTestng.logOutfromApplication()'><b>logOutfromApplication</b><br>Test class: temptest.FbTestng</td>
<td></td>
<td>-1663764813</td>
<td>temptest.FbTestng@6aeb35e6</td></tr>
<tr>
<td title='temptest.FbTestng2.logout()'><b>logout</b><br>Test class: temptest.FbTestng2</td>
<td></td>
<td>-1663764813</td>
<td>temptest.FbTestng2@1283bb96</td></tr>
<tr>
<td title='temptest.FbTestng3.cleanPOMobjects()'><b>cleanPOMobjects</b><br>Test class: temptest.FbTestng3</td>
<td></td>
<td>-1663764813</td>
<td>temptest.FbTestng3@74f0ea28</td></tr>
<tr>
<td title='temptest.FbTestng.cleanPOMobjects()'><b>cleanPOMobjects</b><br>Test class: temptest.FbTestng</td>
<td></td>
<td>-1663764813</td>
<td>temptest.FbTestng@6aeb35e6</td></tr>
<tr>
<td title='temptest.FbTestng3.openBulletins()'><b>openBulletins</b><br>Test class: temptest.FbTestng3</td>
<td></td>
<td>-1663764813</td>
<td>temptest.FbTestng3@74f0ea28</td></tr>
<tr>
<td title='temptest.FbTestng2.closeBrowser()'><b>closeBrowser</b><br>Test class: temptest.FbTestng2</td>
<td></td>
<td>-1663764813</td>
<td>temptest.FbTestng2@1283bb96</td></tr>
<tr>
<td title='temptest.FbTestng.openRoomsPage()'><b>openRoomsPage</b><br>Test class: temptest.FbTestng</td>
<td></td>
<td>-1663764813</td>
<td>temptest.FbTestng@6aeb35e6</td></tr>
<tr>
<td title='temptest.FbTestng3.closeBrowser()'><b>closeBrowser</b><br>Test class: temptest.FbTestng3</td>
<td></td>
<td>-1663764813</td>
<td>temptest.FbTestng3@74f0ea28</td></tr>
<tr>
<td title='temptest.FbTestng3.createPOMobjects()'><b>createPOMobjects</b><br>Test class: temptest.FbTestng3</td>
<td></td>
<td>-1663764813</td>
<td>temptest.FbTestng3@74f0ea28</td></tr>
<tr>
<td title='temptest.FbTestng2.logout()'><b>logout</b><br>Test class: temptest.FbTestng2</td>
<td></td>
<td>-1663764813</td>
<td>temptest.FbTestng2@1283bb96</td></tr>
<tr>
<td title='temptest.FbTestng2.launchBrowser()'><b>launchBrowser</b><br>Test class: temptest.FbTestng2</td>
<td></td>
<td>-1663764813</td>
<td>temptest.FbTestng2@1283bb96</td></tr>
<tr>
<td title='temptest.FbTestng3.logoutapplication()'><b>logoutapplication</b><br>Test class: temptest.FbTestng3</td>
<td></td>
<td>-1663764813</td>
<td>temptest.FbTestng3@74f0ea28</td></tr>
<tr>
<td title='temptest.FbTestng2.openServices1()'><b>openServices1</b><br>Test class: temptest.FbTestng2</td>
<td></td>
<td>-1663764813</td>
<td>temptest.FbTestng2@1283bb96</td></tr>
<tr>
<td title='temptest.FbTestng.logOutfromApplication()'><b>logOutfromApplication</b><br>Test class: temptest.FbTestng</td>
<td></td>
<td>-1663764813</td>
<td>temptest.FbTestng@6aeb35e6</td></tr>
<tr>
<td title='temptest.FbTestng3.launchBrowser()'><b>launchBrowser</b><br>Test class: temptest.FbTestng3</td>
<td></td>
<td>-1663764813</td>
<td>temptest.FbTestng3@74f0ea28</td></tr>
<tr>
<td title='temptest.FbTestng.createPOMobjects()'><b>createPOMobjects</b><br>Test class: temptest.FbTestng</td>
<td></td>
<td>-1663764813</td>
<td>temptest.FbTestng@6aeb35e6</td></tr>
<tr>
<td title='temptest.FbTestng2.createPOMobjects()'><b>createPOMobjects</b><br>Test class: temptest.FbTestng2</td>
<td></td>
<td>-1663764813</td>
<td>temptest.FbTestng2@1283bb96</td></tr>
<tr>
<td title='temptest.FbTestng2.openServices1()'><b>openServices1</b><br>Test class: temptest.FbTestng2</td>
<td></td>
<td>-1663764813</td>
<td>temptest.FbTestng2@1283bb96</td></tr>
<tr>
<td title='temptest.FbTestng.closeBrowser()'><b>closeBrowser</b><br>Test class: temptest.FbTestng</td>
<td></td>
<td>-1663764813</td>
<td>temptest.FbTestng@6aeb35e6</td></tr>
</table><p>
<table width='100%' border='1' class='invocation-skipped'>
<tr><td colspan='4' align='center'><b>SKIPPED TESTS</b></td></tr>
<tr><td><b>Test method</b></td>
<td width="30%"><b>Exception</b></td>
<td width="10%"><b>Time (seconds)</b></td>
<td><b>Instance</b></td>
</tr>
<tr>
<td title='temptest.FbTestng.verifyVisitOurHelpCentre()'><b>verifyVisitOurHelpCentre</b><br>Test class: temptest.FbTestng</td>
<td><div><pre>java.lang.NullPointerException: Cannot invoke &quot;org.openqa.selenium.WebDriver.manage()&quot; because &quot;this.driver&quot; is null
	at temptest.FbTestng.launchBrowser(FbTestng.java:47)
... Removed 22 stack frames</pre></div><a href='#' onClick='toggleBox("stack-trace139286456", this, "Click to show all stack frames", "Click to hide stack frames")'>Click to show all stack frames</a>
<div class='stack-trace' id='stack-trace139286456'><pre>java.lang.NullPointerException: Cannot invoke &quot;org.openqa.selenium.WebDriver.manage()&quot; because &quot;this.driver&quot; is null
	at temptest.FbTestng.launchBrowser(FbTestng.java:47)
	at java.base/jdk.internal.reflect.DirectMethodHandleAccessor.invoke(DirectMethodHandleAccessor.java:104)
	at java.base/java.lang.reflect.Method.invoke(Method.java:577)
	at org.testng.internal.MethodInvocationHelper.invokeMethod(MethodInvocationHelper.java:133)
	at org.testng.internal.MethodInvocationHelper.invokeMethodConsideringTimeout(MethodInvocationHelper.java:62)
	at org.testng.internal.ConfigInvoker.invokeConfigurationMethod(ConfigInvoker.java:385)
	at org.testng.internal.ConfigInvoker.invokeConfigurations(ConfigInvoker.java:321)
	at org.testng.TestRunner.invokeTestConfigurations(TestRunner.java:637)
	at org.testng.TestRunner.beforeRun(TestRunner.java:627)
	at org.testng.TestRunner.run(TestRunner.java:589)
	at org.testng.SuiteRunner.runTest(SuiteRunner.java:377)
	at org.testng.SuiteRunner.runSequentially(SuiteRunner.java:371)
	at org.testng.SuiteRunner.privateRun(SuiteRunner.java:332)
	at org.testng.SuiteRunner.run(SuiteRunner.java:276)
	at org.testng.SuiteRunnerWorker.runSuite(SuiteRunnerWorker.java:53)
	at org.testng.SuiteRunnerWorker.run(SuiteRunnerWorker.java:96)
	at org.testng.TestNG.runSuitesSequentially(TestNG.java:1212)
	at org.testng.TestNG.runSuitesLocally(TestNG.java:1134)
	at org.testng.TestNG.runSuites(TestNG.java:1063)
	at org.testng.TestNG.run(TestNG.java:1031)
	at org.testng.remote.AbstractRemoteTestNG.run(AbstractRemoteTestNG.java:115)
	at org.testng.remote.RemoteTestNG.initAndRun(RemoteTestNG.java:251)
	at org.testng.remote.RemoteTestNG.main(RemoteTestNG.java:77)
</pre></div></td>
<td>0</td>
<td>temptest.FbTestng@6aeb35e6</td></tr>
<tr>
<td title='temptest.FbTestng2.sendkeyInEmail()'><b>sendkeyInEmail</b><br>Test class: temptest.FbTestng2</td>
<td><div><pre>java.lang.NullPointerException: Cannot invoke &quot;org.openqa.selenium.WebDriver.manage()&quot; because &quot;this.driver&quot; is null
	at temptest.FbTestng.launchBrowser(FbTestng.java:47)
... Removed 22 stack frames</pre></div><a href='#' onClick='toggleBox("stack-trace728381693", this, "Click to show all stack frames", "Click to hide stack frames")'>Click to show all stack frames</a>
<div class='stack-trace' id='stack-trace728381693'><pre>java.lang.NullPointerException: Cannot invoke &quot;org.openqa.selenium.WebDriver.manage()&quot; because &quot;this.driver&quot; is null
	at temptest.FbTestng.launchBrowser(FbTestng.java:47)
	at java.base/jdk.internal.reflect.DirectMethodHandleAccessor.invoke(DirectMethodHandleAccessor.java:104)
	at java.base/java.lang.reflect.Method.invoke(Method.java:577)
	at org.testng.internal.MethodInvocationHelper.invokeMethod(MethodInvocationHelper.java:133)
	at org.testng.internal.MethodInvocationHelper.invokeMethodConsideringTimeout(MethodInvocationHelper.java:62)
	at org.testng.internal.ConfigInvoker.invokeConfigurationMethod(ConfigInvoker.java:385)
	at org.testng.internal.ConfigInvoker.invokeConfigurations(ConfigInvoker.java:321)
	at org.testng.TestRunner.invokeTestConfigurations(TestRunner.java:637)
	at org.testng.TestRunner.beforeRun(TestRunner.java:627)
	at org.testng.TestRunner.run(TestRunner.java:589)
	at org.testng.SuiteRunner.runTest(SuiteRunner.java:377)
	at org.testng.SuiteRunner.runSequentially(SuiteRunner.java:371)
	at org.testng.SuiteRunner.privateRun(SuiteRunner.java:332)
	at org.testng.SuiteRunner.run(SuiteRunner.java:276)
	at org.testng.SuiteRunnerWorker.runSuite(SuiteRunnerWorker.java:53)
	at org.testng.SuiteRunnerWorker.run(SuiteRunnerWorker.java:96)
	at org.testng.TestNG.runSuitesSequentially(TestNG.java:1212)
	at org.testng.TestNG.runSuitesLocally(TestNG.java:1134)
	at org.testng.TestNG.runSuites(TestNG.java:1063)
	at org.testng.TestNG.run(TestNG.java:1031)
	at org.testng.remote.AbstractRemoteTestNG.run(AbstractRemoteTestNG.java:115)
	at org.testng.remote.RemoteTestNG.initAndRun(RemoteTestNG.java:251)
	at org.testng.remote.RemoteTestNG.main(RemoteTestNG.java:77)
</pre></div></td>
<td>0</td>
<td>temptest.FbTestng2@1283bb96</td></tr>
<tr>
<td title='temptest.FbTestng.verifyGoBackToMessenger()'><b>verifyGoBackToMessenger</b><br>Test class: temptest.FbTestng</td>
<td><div><pre>java.lang.NullPointerException: Cannot invoke &quot;org.openqa.selenium.WebDriver.manage()&quot; because &quot;this.driver&quot; is null
	at temptest.FbTestng.launchBrowser(FbTestng.java:47)
... Removed 22 stack frames</pre></div><a href='#' onClick='toggleBox("stack-trace1448408286", this, "Click to show all stack frames", "Click to hide stack frames")'>Click to show all stack frames</a>
<div class='stack-trace' id='stack-trace1448408286'><pre>java.lang.NullPointerException: Cannot invoke &quot;org.openqa.selenium.WebDriver.manage()&quot; because &quot;this.driver&quot; is null
	at temptest.FbTestng.launchBrowser(FbTestng.java:47)
	at java.base/jdk.internal.reflect.DirectMethodHandleAccessor.invoke(DirectMethodHandleAccessor.java:104)
	at java.base/java.lang.reflect.Method.invoke(Method.java:577)
	at org.testng.internal.MethodInvocationHelper.invokeMethod(MethodInvocationHelper.java:133)
	at org.testng.internal.MethodInvocationHelper.invokeMethodConsideringTimeout(MethodInvocationHelper.java:62)
	at org.testng.internal.ConfigInvoker.invokeConfigurationMethod(ConfigInvoker.java:385)
	at org.testng.internal.ConfigInvoker.invokeConfigurations(ConfigInvoker.java:321)
	at org.testng.TestRunner.invokeTestConfigurations(TestRunner.java:637)
	at org.testng.TestRunner.beforeRun(TestRunner.java:627)
	at org.testng.TestRunner.run(TestRunner.java:589)
	at org.testng.SuiteRunner.runTest(SuiteRunner.java:377)
	at org.testng.SuiteRunner.runSequentially(SuiteRunner.java:371)
	at org.testng.SuiteRunner.privateRun(SuiteRunner.java:332)
	at org.testng.SuiteRunner.run(SuiteRunner.java:276)
	at org.testng.SuiteRunnerWorker.runSuite(SuiteRunnerWorker.java:53)
	at org.testng.SuiteRunnerWorker.run(SuiteRunnerWorker.java:96)
	at org.testng.TestNG.runSuitesSequentially(TestNG.java:1212)
	at org.testng.TestNG.runSuitesLocally(TestNG.java:1134)
	at org.testng.TestNG.runSuites(TestNG.java:1063)
	at org.testng.TestNG.run(TestNG.java:1031)
	at org.testng.remote.AbstractRemoteTestNG.run(AbstractRemoteTestNG.java:115)
	at org.testng.remote.RemoteTestNG.initAndRun(RemoteTestNG.java:251)
	at org.testng.remote.RemoteTestNG.main(RemoteTestNG.java:77)
</pre></div></td>
<td>0</td>
<td>temptest.FbTestng@6aeb35e6</td></tr>
<tr>
<td title='temptest.FbTestng3.fillLoginDetails()'><b>fillLoginDetails</b><br>Test class: temptest.FbTestng3</td>
<td><div><pre>java.lang.NullPointerException: Cannot invoke &quot;org.openqa.selenium.WebDriver.manage()&quot; because &quot;this.driver&quot; is null
	at temptest.FbTestng.launchBrowser(FbTestng.java:47)
... Removed 22 stack frames</pre></div><a href='#' onClick='toggleBox("stack-trace523800851", this, "Click to show all stack frames", "Click to hide stack frames")'>Click to show all stack frames</a>
<div class='stack-trace' id='stack-trace523800851'><pre>java.lang.NullPointerException: Cannot invoke &quot;org.openqa.selenium.WebDriver.manage()&quot; because &quot;this.driver&quot; is null
	at temptest.FbTestng.launchBrowser(FbTestng.java:47)
	at java.base/jdk.internal.reflect.DirectMethodHandleAccessor.invoke(DirectMethodHandleAccessor.java:104)
	at java.base/java.lang.reflect.Method.invoke(Method.java:577)
	at org.testng.internal.MethodInvocationHelper.invokeMethod(MethodInvocationHelper.java:133)
	at org.testng.internal.MethodInvocationHelper.invokeMethodConsideringTimeout(MethodInvocationHelper.java:62)
	at org.testng.internal.ConfigInvoker.invokeConfigurationMethod(ConfigInvoker.java:385)
	at org.testng.internal.ConfigInvoker.invokeConfigurations(ConfigInvoker.java:321)
	at org.testng.TestRunner.invokeTestConfigurations(TestRunner.java:637)
	at org.testng.TestRunner.beforeRun(TestRunner.java:627)
	at org.testng.TestRunner.run(TestRunner.java:589)
	at org.testng.SuiteRunner.runTest(SuiteRunner.java:377)
	at org.testng.SuiteRunner.runSequentially(SuiteRunner.java:371)
	at org.testng.SuiteRunner.privateRun(SuiteRunner.java:332)
	at org.testng.SuiteRunner.run(SuiteRunner.java:276)
	at org.testng.SuiteRunnerWorker.runSuite(SuiteRunnerWorker.java:53)
	at org.testng.SuiteRunnerWorker.run(SuiteRunnerWorker.java:96)
	at org.testng.TestNG.runSuitesSequentially(TestNG.java:1212)
	at org.testng.TestNG.runSuitesLocally(TestNG.java:1134)
	at org.testng.TestNG.runSuites(TestNG.java:1063)
	at org.testng.TestNG.run(TestNG.java:1031)
	at org.testng.remote.AbstractRemoteTestNG.run(AbstractRemoteTestNG.java:115)
	at org.testng.remote.RemoteTestNG.initAndRun(RemoteTestNG.java:251)
	at org.testng.remote.RemoteTestNG.main(RemoteTestNG.java:77)
</pre></div></td>
<td>0</td>
<td>temptest.FbTestng3@74f0ea28</td></tr>
<tr>
<td title='temptest.FbTestng2.sendKeysInPassword()'><b>sendKeysInPassword</b><br>Test class: temptest.FbTestng2</td>
<td><div><pre>java.lang.NullPointerException: Cannot invoke &quot;org.openqa.selenium.WebDriver.manage()&quot; because &quot;this.driver&quot; is null
	at temptest.FbTestng.launchBrowser(FbTestng.java:47)
... Removed 22 stack frames</pre></div><a href='#' onClick='toggleBox("stack-trace303666567", this, "Click to show all stack frames", "Click to hide stack frames")'>Click to show all stack frames</a>
<div class='stack-trace' id='stack-trace303666567'><pre>java.lang.NullPointerException: Cannot invoke &quot;org.openqa.selenium.WebDriver.manage()&quot; because &quot;this.driver&quot; is null
	at temptest.FbTestng.launchBrowser(FbTestng.java:47)
	at java.base/jdk.internal.reflect.DirectMethodHandleAccessor.invoke(DirectMethodHandleAccessor.java:104)
	at java.base/java.lang.reflect.Method.invoke(Method.java:577)
	at org.testng.internal.MethodInvocationHelper.invokeMethod(MethodInvocationHelper.java:133)
	at org.testng.internal.MethodInvocationHelper.invokeMethodConsideringTimeout(MethodInvocationHelper.java:62)
	at org.testng.internal.ConfigInvoker.invokeConfigurationMethod(ConfigInvoker.java:385)
	at org.testng.internal.ConfigInvoker.invokeConfigurations(ConfigInvoker.java:321)
	at org.testng.TestRunner.invokeTestConfigurations(TestRunner.java:637)
	at org.testng.TestRunner.beforeRun(TestRunner.java:627)
	at org.testng.TestRunner.run(TestRunner.java:589)
	at org.testng.SuiteRunner.runTest(SuiteRunner.java:377)
	at org.testng.SuiteRunner.runSequentially(SuiteRunner.java:371)
	at org.testng.SuiteRunner.privateRun(SuiteRunner.java:332)
	at org.testng.SuiteRunner.run(SuiteRunner.java:276)
	at org.testng.SuiteRunnerWorker.runSuite(SuiteRunnerWorker.java:53)
	at org.testng.SuiteRunnerWorker.run(SuiteRunnerWorker.java:96)
	at org.testng.TestNG.runSuitesSequentially(TestNG.java:1212)
	at org.testng.TestNG.runSuitesLocally(TestNG.java:1134)
	at org.testng.TestNG.runSuites(TestNG.java:1063)
	at org.testng.TestNG.run(TestNG.java:1031)
	at org.testng.remote.AbstractRemoteTestNG.run(AbstractRemoteTestNG.java:115)
	at org.testng.remote.RemoteTestNG.initAndRun(RemoteTestNG.java:251)
	at org.testng.remote.RemoteTestNG.main(RemoteTestNG.java:77)
</pre></div></td>
<td>0</td>
<td>temptest.FbTestng2@1283bb96</td></tr>
</table><p>
</body>
</html>