<?xml version="1.0" encoding="UTF-8"?>
<testng-results ignored="0" total="10" passed="4" failed="1" skipped="5">
  <reporter-output>
  </reporter-output>
  <suite started-at="2022-09-21T08:51:31 EDT" name="Suite" finished-at="2022-09-21T08:53:33 EDT" duration-ms="121839">
    <groups>
    </groups>
    <test started-at="2022-09-21T08:51:31 EDT" name="ChromeTest" finished-at="2022-09-21T08:53:33 EDT" duration-ms="121500">
      <class name="temptest.FbTestng2">
        <test-method is-config="true" signature="launchBrowser(java.lang.String)[pri:0, instance:temptest.FbTestng2@12468a38]" started-at="2022-09-21T08:51:33 EDT" name="launchBrowser" finished-at="2022-09-21T08:51:35 EDT" duration-ms="2097" status="PASS">
          <params>
            <param index="0">
              <value>
                <![CDATA[Chrome]]>
              </value>
            </param>
          </params>
          <reporter-output>
          </reporter-output>
        </test-method> <!-- launchBrowser -->
        <test-method is-config="true" signature="createPOMobjects()[pri:0, instance:temptest.FbTestng2@12468a38]" started-at="2022-09-21T08:51:37 EDT" name="createPOMobjects" finished-at="2022-09-21T08:51:37 EDT" duration-ms="97" status="PASS">
          <reporter-output>
          </reporter-output>
        </test-method> <!-- createPOMobjects -->
        <test-method is-config="true" signature="openServices1()[pri:0, instance:temptest.FbTestng2@12468a38]" started-at="2022-09-21T08:51:37 EDT" name="openServices1" finished-at="2022-09-21T08:52:32 EDT" duration-ms="54995" status="PASS">
          <reporter-output>
          </reporter-output>
        </test-method> <!-- openServices1 -->
        <test-method signature="sendkeyInEmail()[pri:0, instance:temptest.FbTestng2@12468a38]" started-at="2022-09-21T08:52:32 EDT" name="sendkeyInEmail" finished-at="2022-09-21T08:52:32 EDT" duration-ms="283" status="PASS">
          <reporter-output>
          </reporter-output>
        </test-method> <!-- sendkeyInEmail -->
        <test-method is-config="true" signature="logout(org.testng.ITestResult)[pri:0, instance:temptest.FbTestng2@12468a38]" started-at="2022-09-21T08:52:32 EDT" name="logout" finished-at="2022-09-21T08:52:32 EDT" duration-ms="1" status="PASS">
          <params>
            <param index="0">
              <value>
                <![CDATA[[TestResult name=sendkeyInEmail status=SUCCESS method=FbTestng2.sendkeyInEmail()[pri:0, instance:temptest.FbTestng2@12468a38] output={null}]]]>
              </value>
            </param>
          </params>
          <reporter-output>
          </reporter-output>
        </test-method> <!-- logout -->
        <test-method is-config="true" signature="openServices1()[pri:0, instance:temptest.FbTestng2@12468a38]" started-at="2022-09-21T08:52:32 EDT" name="openServices1" finished-at="2022-09-21T08:52:37 EDT" duration-ms="4956" status="PASS">
          <reporter-output>
          </reporter-output>
        </test-method> <!-- openServices1 -->
        <test-method signature="sendKeysInPassword()[pri:1, instance:temptest.FbTestng2@12468a38]" started-at="2022-09-21T08:52:37 EDT" name="sendKeysInPassword" finished-at="2022-09-21T08:52:37 EDT" duration-ms="104" status="PASS">
          <reporter-output>
          </reporter-output>
        </test-method> <!-- sendKeysInPassword -->
        <test-method is-config="true" signature="logout(org.testng.ITestResult)[pri:0, instance:temptest.FbTestng2@12468a38]" started-at="2022-09-21T08:52:37 EDT" name="logout" finished-at="2022-09-21T08:52:37 EDT" duration-ms="1" status="PASS">
          <params>
            <param index="0">
              <value>
                <![CDATA[[TestResult name=sendKeysInPassword status=SUCCESS method=FbTestng2.sendKeysInPassword()[pri:1, instance:temptest.FbTestng2@12468a38] output={null}]]]>
              </value>
            </param>
          </params>
          <reporter-output>
          </reporter-output>
        </test-method> <!-- logout -->
        <test-method is-config="true" signature="cleanPOMobjects()[pri:0, instance:temptest.FbTestng2@12468a38]" started-at="2022-09-21T08:52:37 EDT" name="cleanPOMobjects" finished-at="2022-09-21T08:52:37 EDT" duration-ms="1" status="PASS">
          <reporter-output>
          </reporter-output>
        </test-method> <!-- cleanPOMobjects -->
        <test-method is-config="true" signature="closeBrowser()[pri:0, instance:temptest.FbTestng2@12468a38]" started-at="2022-09-21T08:53:30 EDT" name="closeBrowser" finished-at="2022-09-21T08:53:31 EDT" duration-ms="1519" status="PASS">
          <reporter-output>
          </reporter-output>
        </test-method> <!-- closeBrowser -->
      </class> <!-- temptest.FbTestng2 -->
      <class name="temptest.FbTestng">
        <test-method is-config="true" signature="launchBrowser(java.lang.String)[pri:0, instance:temptest.FbTestng@4fb0f2b9]" started-at="2022-09-21T08:51:31 EDT" name="launchBrowser" finished-at="2022-09-21T08:51:33 EDT" duration-ms="1847" status="PASS">
          <params>
            <param index="0">
              <value>
                <![CDATA[Chrome]]>
              </value>
            </param>
          </params>
          <reporter-output>
          </reporter-output>
        </test-method> <!-- launchBrowser -->
        <test-method is-config="true" signature="createPOMobjects()[pri:0, instance:temptest.FbTestng@4fb0f2b9]" started-at="2022-09-21T08:52:37 EDT" name="createPOMobjects" finished-at="2022-09-21T08:52:37 EDT" duration-ms="5" status="PASS">
          <reporter-output>
          </reporter-output>
        </test-method> <!-- createPOMobjects -->
        <test-method is-config="true" signature="openRoomsPage()[pri:0, instance:temptest.FbTestng@4fb0f2b9]" started-at="2022-09-21T08:52:37 EDT" name="openRoomsPage" finished-at="2022-09-21T08:53:09 EDT" duration-ms="31589" status="PASS">
          <reporter-output>
          </reporter-output>
        </test-method> <!-- openRoomsPage -->
        <test-method signature="verifyGoBackToMessenger()[pri:0, instance:temptest.FbTestng@4fb0f2b9]" started-at="2022-09-21T08:53:09 EDT" name="verifyGoBackToMessenger" finished-at="2022-09-21T08:53:14 EDT" duration-ms="5154" status="PASS">
          <reporter-output>
          </reporter-output>
        </test-method> <!-- verifyGoBackToMessenger -->
        <test-method is-config="true" signature="logOutfromApplication(org.testng.ITestResult)[pri:0, instance:temptest.FbTestng@4fb0f2b9]" started-at="2022-09-21T08:53:14 EDT" name="logOutfromApplication" finished-at="2022-09-21T08:53:14 EDT" duration-ms="0" status="PASS">
          <params>
            <param index="0">
              <value>
                <![CDATA[[TestResult name=verifyGoBackToMessenger status=SUCCESS method=FbTestng.verifyGoBackToMessenger()[pri:0, instance:temptest.FbTestng@4fb0f2b9] output={null}]]]>
              </value>
            </param>
          </params>
          <reporter-output>
          </reporter-output>
        </test-method> <!-- logOutfromApplication -->
        <test-method is-config="true" signature="openRoomsPage()[pri:0, instance:temptest.FbTestng@4fb0f2b9]" started-at="2022-09-21T08:53:14 EDT" name="openRoomsPage" finished-at="2022-09-21T08:53:25 EDT" duration-ms="11220" status="PASS">
          <reporter-output>
          </reporter-output>
        </test-method> <!-- openRoomsPage -->
        <test-method signature="verifyVisitOurHelpCentre()[pri:0, instance:temptest.FbTestng@4fb0f2b9]" started-at="2022-09-21T08:53:25 EDT" name="verifyVisitOurHelpCentre" finished-at="2022-09-21T08:53:29 EDT" duration-ms="4246" status="PASS">
          <reporter-output>
          </reporter-output>
        </test-method> <!-- verifyVisitOurHelpCentre -->
        <test-method is-config="true" signature="logOutfromApplication(org.testng.ITestResult)[pri:0, instance:temptest.FbTestng@4fb0f2b9]" started-at="2022-09-21T08:53:29 EDT" name="logOutfromApplication" finished-at="2022-09-21T08:53:29 EDT" duration-ms="0" status="PASS">
          <params>
            <param index="0">
              <value>
                <![CDATA[[TestResult name=verifyVisitOurHelpCentre status=SUCCESS method=FbTestng.verifyVisitOurHelpCentre()[pri:0, instance:temptest.FbTestng@4fb0f2b9] output={null}]]]>
              </value>
            </param>
          </params>
          <reporter-output>
          </reporter-output>
        </test-method> <!-- logOutfromApplication -->
        <test-method is-config="true" signature="cleanPOMobjects()[pri:0, instance:temptest.FbTestng@4fb0f2b9]" started-at="2022-09-21T08:53:29 EDT" name="cleanPOMobjects" finished-at="2022-09-21T08:53:29 EDT" duration-ms="0" status="PASS">
          <reporter-output>
          </reporter-output>
        </test-method> <!-- cleanPOMobjects -->
        <test-method is-config="true" signature="closeBrowser()[pri:0, instance:temptest.FbTestng@4fb0f2b9]" started-at="2022-09-21T08:53:29 EDT" name="closeBrowser" finished-at="2022-09-21T08:53:30 EDT" duration-ms="171" status="PASS">
          <reporter-output>
          </reporter-output>
        </test-method> <!-- closeBrowser -->
      </class> <!-- temptest.FbTestng -->
      <class name="temptest.FbTestng3">
        <test-method is-config="true" signature="launchBrowser(java.lang.String)[pri:0, instance:temptest.FbTestng3@1aa7ecca]" started-at="2022-09-21T08:51:35 EDT" name="launchBrowser" finished-at="2022-09-21T08:51:36 EDT" duration-ms="1463" status="PASS">
          <params>
            <param index="0">
              <value>
                <![CDATA[Chrome]]>
              </value>
            </param>
          </params>
          <reporter-output>
          </reporter-output>
        </test-method> <!-- launchBrowser -->
        <test-method is-config="true" signature="createPOMobjects()[pri:0, instance:temptest.FbTestng3@1aa7ecca]" started-at="2022-09-21T08:51:37 EDT" name="createPOMobjects" finished-at="2022-09-21T08:51:37 EDT" duration-ms="100" status="PASS">
          <reporter-output>
          </reporter-output>
        </test-method> <!-- createPOMobjects -->
        <test-method is-config="true" signature="openBulletins()[pri:0, instance:temptest.FbTestng3@1aa7ecca]" started-at="2022-09-21T08:51:37 EDT" name="openBulletins" finished-at="2022-09-21T08:52:32 EDT" duration-ms="55579" status="PASS">
          <reporter-output>
          </reporter-output>
        </test-method> <!-- openBulletins -->
        <test-method signature="fillLoginDetails()[pri:0, instance:temptest.FbTestng3@1aa7ecca]" started-at="2022-09-21T08:52:32 EDT" name="fillLoginDetails" finished-at="2022-09-21T08:52:37 EDT" duration-ms="4636" status="FAIL">
          <exception class="org.openqa.selenium.NoSuchElementException">
            <message>
              <![CDATA[no such element: Unable to locate element: {"method":"xpath","selector":"//input[@id='email']"}
  (Session info: chrome=105.0.5195.127)
For documentation on this error, please visit: https://www.seleniumhq.org/exceptions/no_such_element.html
Build info: version: '3.141.59', revision: 'e82be7d358', time: '2018-11-14T08:17:03'
System info: host: 'DESKTOP-IFNDKD5', ip: '192.168.13.94', os.name: 'Windows 10', os.arch: 'amd64', os.version: '10.0', java.version: '18.0.1.1'
Driver info: org.openqa.selenium.chrome.ChromeDriver
Capabilities {acceptInsecureCerts: false, browserName: chrome, browserVersion: 105.0.5195.127, chrome: {chromedriverVersion: 105.0.5195.52 (412c95e51883..., userDataDir: C:\Users\DELL\AppData\Local...}, goog:chromeOptions: {debuggerAddress: localhost:49728}, javascriptEnabled: true, networkConnectionEnabled: false, pageLoadStrategy: normal, platform: WINDOWS, platformName: WINDOWS, proxy: Proxy(), setWindowRect: true, strictFileInteractability: false, timeouts: {implicit: 0, pageLoad: 300000, script: 30000}, unhandledPromptBehavior: dismiss and notify, webauthn:extension:credBlob: true, webauthn:extension:largeBlob: true, webauthn:virtualAuthenticators: true}
Session ID: e35dcac7cb20cfd86e6777f6849c5a37
*** Element info: {Using=xpath, value=//input[@id='email']}]]>
            </message>
            <full-stacktrace>
              <![CDATA[org.openqa.selenium.NoSuchElementException: no such element: Unable to locate element: {"method":"xpath","selector":"//input[@id='email']"}
  (Session info: chrome=105.0.5195.127)
For documentation on this error, please visit: https://www.seleniumhq.org/exceptions/no_such_element.html
Build info: version: '3.141.59', revision: 'e82be7d358', time: '2018-11-14T08:17:03'
System info: host: 'DESKTOP-IFNDKD5', ip: '192.168.13.94', os.name: 'Windows 10', os.arch: 'amd64', os.version: '10.0', java.version: '18.0.1.1'
Driver info: org.openqa.selenium.chrome.ChromeDriver
Capabilities {acceptInsecureCerts: false, browserName: chrome, browserVersion: 105.0.5195.127, chrome: {chromedriverVersion: 105.0.5195.52 (412c95e51883..., userDataDir: C:\Users\DELL\AppData\Local...}, goog:chromeOptions: {debuggerAddress: localhost:49728}, javascriptEnabled: true, networkConnectionEnabled: false, pageLoadStrategy: normal, platform: WINDOWS, platformName: WINDOWS, proxy: Proxy(), setWindowRect: true, strictFileInteractability: false, timeouts: {implicit: 0, pageLoad: 300000, script: 30000}, unhandledPromptBehavior: dismiss and notify, webauthn:extension:credBlob: true, webauthn:extension:largeBlob: true, webauthn:virtualAuthenticators: true}
Session ID: e35dcac7cb20cfd86e6777f6849c5a37
*** Element info: {Using=xpath, value=//input[@id='email']}
at java.base/jdk.internal.reflect.DirectConstructorHandleAccessor.newInstance(DirectConstructorHandleAccessor.java:67)
at java.base/java.lang.reflect.Constructor.newInstanceWithCaller(Constructor.java:499)
at java.base/java.lang.reflect.Constructor.newInstance(Constructor.java:483)
at org.openqa.selenium.remote.http.W3CHttpResponseCodec.createException(W3CHttpResponseCodec.java:187)
at org.openqa.selenium.remote.http.W3CHttpResponseCodec.decode(W3CHttpResponseCodec.java:122)
at org.openqa.selenium.remote.http.W3CHttpResponseCodec.decode(W3CHttpResponseCodec.java:49)
at org.openqa.selenium.remote.HttpCommandExecutor.execute(HttpCommandExecutor.java:158)
at org.openqa.selenium.remote.service.DriverCommandExecutor.execute(DriverCommandExecutor.java:83)
at org.openqa.selenium.remote.RemoteWebDriver.execute(RemoteWebDriver.java:552)
at org.openqa.selenium.remote.RemoteWebDriver.findElement(RemoteWebDriver.java:323)
at org.openqa.selenium.remote.RemoteWebDriver.findElementByXPath(RemoteWebDriver.java:428)
at org.openqa.selenium.By$ByXPath.findElement(By.java:353)
at org.openqa.selenium.remote.RemoteWebDriver.findElement(RemoteWebDriver.java:315)
at org.openqa.selenium.support.pagefactory.DefaultElementLocator.findElement(DefaultElementLocator.java:69)
at org.openqa.selenium.support.pagefactory.internal.LocatingElementHandler.invoke(LocatingElementHandler.java:38)
at jdk.proxy2/jdk.proxy2.$Proxy17.sendKeys(Unknown Source)
at facebook.Login.sendUsernameandPassword(Login.java:33)
at temptest.FbTestng3.fillLoginDetails(FbTestng3.java:72)
at java.base/jdk.internal.reflect.DirectMethodHandleAccessor.invoke(DirectMethodHandleAccessor.java:104)
at java.base/java.lang.reflect.Method.invoke(Method.java:577)
at org.testng.internal.MethodInvocationHelper.invokeMethod(MethodInvocationHelper.java:133)
at org.testng.internal.TestInvoker.invokeMethod(TestInvoker.java:598)
at org.testng.internal.TestInvoker.invokeTestMethod(TestInvoker.java:173)
at org.testng.internal.MethodRunner.runInSequence(MethodRunner.java:46)
at org.testng.internal.TestInvoker$MethodInvocationAgent.invoke(TestInvoker.java:824)
at org.testng.internal.TestInvoker.invokeTestMethods(TestInvoker.java:146)
at org.testng.internal.TestMethodWorker.invokeTestMethods(TestMethodWorker.java:146)
at org.testng.internal.TestMethodWorker.run(TestMethodWorker.java:128)
at java.base/java.util.concurrent.ThreadPoolExecutor.runWorker(ThreadPoolExecutor.java:1136)
at java.base/java.util.concurrent.ThreadPoolExecutor$Worker.run(ThreadPoolExecutor.java:635)
at java.base/java.lang.Thread.run(Thread.java:833)
]]>
            </full-stacktrace>
          </exception> <!-- org.openqa.selenium.NoSuchElementException -->
          <reporter-output>
          </reporter-output>
        </test-method> <!-- fillLoginDetails -->
        <test-method is-config="true" signature="logoutapplication(org.testng.ITestResult)[pri:0, instance:temptest.FbTestng3@1aa7ecca]" started-at="2022-09-21T08:52:37 EDT" name="logoutapplication" finished-at="2022-09-21T08:52:38 EDT" duration-ms="788" status="PASS">
          <params>
            <param index="0">
              <value>
                <![CDATA[[TestResult name=fillLoginDetails status=FAILURE method=FbTestng3.fillLoginDetails()[pri:0, instance:temptest.FbTestng3@1aa7ecca] output={null}]]]>
              </value>
            </param>
          </params>
          <reporter-output>
          </reporter-output>
        </test-method> <!-- logoutapplication -->
        <test-method is-config="true" signature="cleanPOMobjects()[pri:0, instance:temptest.FbTestng3@1aa7ecca]" started-at="2022-09-21T08:52:38 EDT" name="cleanPOMobjects" finished-at="2022-09-21T08:52:38 EDT" duration-ms="1" status="PASS">
          <reporter-output>
          </reporter-output>
        </test-method> <!-- cleanPOMobjects -->
        <test-method is-config="true" signature="closeBrowser()[pri:0, instance:temptest.FbTestng3@1aa7ecca]" started-at="2022-09-21T08:53:31 EDT" name="closeBrowser" finished-at="2022-09-21T08:53:33 EDT" duration-ms="1456" status="PASS">
          <reporter-output>
          </reporter-output>
        </test-method> <!-- closeBrowser -->
      </class> <!-- temptest.FbTestng3 -->
    </test> <!-- ChromeTest -->
    <test started-at="2022-09-21T08:53:33 EDT" name="FirefoxTest" finished-at="2022-09-21T08:53:33 EDT" duration-ms="140">
      <class name="temptest.FbTestng2">
        <test-method is-config="true" signature="launchBrowser(java.lang.String)[pri:0, instance:temptest.FbTestng2@1283bb96]" started-at="2022-09-21T08:53:33 EDT" name="launchBrowser" finished-at="1969-12-31T19:00:00 EST" duration-ms="-1663764813292" status="SKIP">
          <reporter-output>
          </reporter-output>
        </test-method> <!-- launchBrowser -->
        <test-method is-config="true" signature="createPOMobjects()[pri:0, instance:temptest.FbTestng2@1283bb96]" started-at="2022-09-21T08:53:33 EDT" name="createPOMobjects" finished-at="1969-12-31T19:00:00 EST" duration-ms="-1663764813312" status="SKIP">
          <reporter-output>
          </reporter-output>
        </test-method> <!-- createPOMobjects -->
        <test-method is-config="true" signature="openServices1()[pri:0, instance:temptest.FbTestng2@1283bb96]" started-at="2022-09-21T08:53:33 EDT" name="openServices1" finished-at="1969-12-31T19:00:00 EST" duration-ms="-1663764813316" status="SKIP">
          <reporter-output>
          </reporter-output>
        </test-method> <!-- openServices1 -->
        <test-method signature="sendkeyInEmail()[pri:0, instance:temptest.FbTestng2@1283bb96]" started-at="2022-09-21T08:53:33 EDT" name="sendkeyInEmail" finished-at="2022-09-21T08:53:33 EDT" duration-ms="0" status="SKIP">
          <exception class="java.lang.NullPointerException">
            <message>
              <![CDATA[Cannot invoke "org.openqa.selenium.WebDriver.manage()" because "this.driver" is null]]>
            </message>
            <full-stacktrace>
              <![CDATA[java.lang.NullPointerException: Cannot invoke "org.openqa.selenium.WebDriver.manage()" because "this.driver" is null
at temptest.FbTestng.launchBrowser(FbTestng.java:47)
at java.base/jdk.internal.reflect.DirectMethodHandleAccessor.invoke(DirectMethodHandleAccessor.java:104)
at java.base/java.lang.reflect.Method.invoke(Method.java:577)
at org.testng.internal.MethodInvocationHelper.invokeMethod(MethodInvocationHelper.java:133)
at org.testng.internal.MethodInvocationHelper.invokeMethodConsideringTimeout(MethodInvocationHelper.java:62)
at org.testng.internal.ConfigInvoker.invokeConfigurationMethod(ConfigInvoker.java:385)
at org.testng.internal.ConfigInvoker.invokeConfigurations(ConfigInvoker.java:321)
at org.testng.TestRunner.invokeTestConfigurations(TestRunner.java:637)
at org.testng.TestRunner.beforeRun(TestRunner.java:627)
at org.testng.TestRunner.run(TestRunner.java:589)
at org.testng.SuiteRunner.runTest(SuiteRunner.java:377)
at org.testng.SuiteRunner.runSequentially(SuiteRunner.java:371)
at org.testng.SuiteRunner.privateRun(SuiteRunner.java:332)
at org.testng.SuiteRunner.run(SuiteRunner.java:276)
at org.testng.SuiteRunnerWorker.runSuite(SuiteRunnerWorker.java:53)
at org.testng.SuiteRunnerWorker.run(SuiteRunnerWorker.java:96)
at org.testng.TestNG.runSuitesSequentially(TestNG.java:1212)
at org.testng.TestNG.runSuitesLocally(TestNG.java:1134)
at org.testng.TestNG.runSuites(TestNG.java:1063)
at org.testng.TestNG.run(TestNG.java:1031)
at org.testng.remote.AbstractRemoteTestNG.run(AbstractRemoteTestNG.java:115)
at org.testng.remote.RemoteTestNG.initAndRun(RemoteTestNG.java:251)
at org.testng.remote.RemoteTestNG.main(RemoteTestNG.java:77)
]]>
            </full-stacktrace>
          </exception> <!-- java.lang.NullPointerException -->
          <reporter-output>
          </reporter-output>
        </test-method> <!-- sendkeyInEmail -->
        <test-method is-config="true" signature="logout(org.testng.ITestResult)[pri:0, instance:temptest.FbTestng2@1283bb96]" started-at="2022-09-21T08:53:33 EDT" name="logout" finished-at="1969-12-31T19:00:00 EST" duration-ms="-1663764813325" status="SKIP">
          <reporter-output>
          </reporter-output>
        </test-method> <!-- logout -->
        <test-method is-config="true" signature="openServices1()[pri:0, instance:temptest.FbTestng2@1283bb96]" started-at="2022-09-21T08:53:33 EDT" name="openServices1" finished-at="1969-12-31T19:00:00 EST" duration-ms="-1663764813329" status="SKIP">
          <reporter-output>
          </reporter-output>
        </test-method> <!-- openServices1 -->
        <test-method signature="sendKeysInPassword()[pri:1, instance:temptest.FbTestng2@1283bb96]" started-at="2022-09-21T08:53:33 EDT" name="sendKeysInPassword" finished-at="2022-09-21T08:53:33 EDT" duration-ms="0" status="SKIP">
          <exception class="java.lang.NullPointerException">
            <message>
              <![CDATA[Cannot invoke "org.openqa.selenium.WebDriver.manage()" because "this.driver" is null]]>
            </message>
            <full-stacktrace>
              <![CDATA[java.lang.NullPointerException: Cannot invoke "org.openqa.selenium.WebDriver.manage()" because "this.driver" is null
at temptest.FbTestng.launchBrowser(FbTestng.java:47)
at java.base/jdk.internal.reflect.DirectMethodHandleAccessor.invoke(DirectMethodHandleAccessor.java:104)
at java.base/java.lang.reflect.Method.invoke(Method.java:577)
at org.testng.internal.MethodInvocationHelper.invokeMethod(MethodInvocationHelper.java:133)
at org.testng.internal.MethodInvocationHelper.invokeMethodConsideringTimeout(MethodInvocationHelper.java:62)
at org.testng.internal.ConfigInvoker.invokeConfigurationMethod(ConfigInvoker.java:385)
at org.testng.internal.ConfigInvoker.invokeConfigurations(ConfigInvoker.java:321)
at org.testng.TestRunner.invokeTestConfigurations(TestRunner.java:637)
at org.testng.TestRunner.beforeRun(TestRunner.java:627)
at org.testng.TestRunner.run(TestRunner.java:589)
at org.testng.SuiteRunner.runTest(SuiteRunner.java:377)
at org.testng.SuiteRunner.runSequentially(SuiteRunner.java:371)
at org.testng.SuiteRunner.privateRun(SuiteRunner.java:332)
at org.testng.SuiteRunner.run(SuiteRunner.java:276)
at org.testng.SuiteRunnerWorker.runSuite(SuiteRunnerWorker.java:53)
at org.testng.SuiteRunnerWorker.run(SuiteRunnerWorker.java:96)
at org.testng.TestNG.runSuitesSequentially(TestNG.java:1212)
at org.testng.TestNG.runSuitesLocally(TestNG.java:1134)
at org.testng.TestNG.runSuites(TestNG.java:1063)
at org.testng.TestNG.run(TestNG.java:1031)
at org.testng.remote.AbstractRemoteTestNG.run(AbstractRemoteTestNG.java:115)
at org.testng.remote.RemoteTestNG.initAndRun(RemoteTestNG.java:251)
at org.testng.remote.RemoteTestNG.main(RemoteTestNG.java:77)
]]>
            </full-stacktrace>
          </exception> <!-- java.lang.NullPointerException -->
          <reporter-output>
          </reporter-output>
        </test-method> <!-- sendKeysInPassword -->
        <test-method is-config="true" signature="logout(org.testng.ITestResult)[pri:0, instance:temptest.FbTestng2@1283bb96]" started-at="2022-09-21T08:53:33 EDT" name="logout" finished-at="1969-12-31T19:00:00 EST" duration-ms="-1663764813361" status="SKIP">
          <reporter-output>
          </reporter-output>
        </test-method> <!-- logout -->
        <test-method is-config="true" signature="cleanPOMobjects()[pri:0, instance:temptest.FbTestng2@1283bb96]" started-at="2022-09-21T08:53:33 EDT" name="cleanPOMobjects" finished-at="1969-12-31T19:00:00 EST" duration-ms="-1663764813363" status="SKIP">
          <reporter-output>
          </reporter-output>
        </test-method> <!-- cleanPOMobjects -->
        <test-method is-config="true" signature="closeBrowser()[pri:0, instance:temptest.FbTestng2@1283bb96]" started-at="2022-09-21T08:53:33 EDT" name="closeBrowser" finished-at="1969-12-31T19:00:00 EST" duration-ms="-1663764813366" status="SKIP">
          <reporter-output>
          </reporter-output>
        </test-method> <!-- closeBrowser -->
      </class> <!-- temptest.FbTestng2 -->
      <class name="temptest.FbTestng">
        <test-method is-config="true" signature="launchBrowser(java.lang.String)[pri:0, instance:temptest.FbTestng@6aeb35e6]" started-at="2022-09-21T08:53:33 EDT" name="launchBrowser" finished-at="2022-09-21T08:53:33 EDT" duration-ms="17" status="FAIL">
          <params>
            <param index="0">
              <value>
                <![CDATA[Firefox]]>
              </value>
            </param>
          </params>
          <exception class="java.lang.NullPointerException">
            <message>
              <![CDATA[Cannot invoke "org.openqa.selenium.WebDriver.manage()" because "this.driver" is null]]>
            </message>
            <full-stacktrace>
              <![CDATA[java.lang.NullPointerException: Cannot invoke "org.openqa.selenium.WebDriver.manage()" because "this.driver" is null
at temptest.FbTestng.launchBrowser(FbTestng.java:47)
at java.base/jdk.internal.reflect.DirectMethodHandleAccessor.invoke(DirectMethodHandleAccessor.java:104)
at java.base/java.lang.reflect.Method.invoke(Method.java:577)
at org.testng.internal.MethodInvocationHelper.invokeMethod(MethodInvocationHelper.java:133)
at org.testng.internal.MethodInvocationHelper.invokeMethodConsideringTimeout(MethodInvocationHelper.java:62)
at org.testng.internal.ConfigInvoker.invokeConfigurationMethod(ConfigInvoker.java:385)
at org.testng.internal.ConfigInvoker.invokeConfigurations(ConfigInvoker.java:321)
at org.testng.TestRunner.invokeTestConfigurations(TestRunner.java:637)
at org.testng.TestRunner.beforeRun(TestRunner.java:627)
at org.testng.TestRunner.run(TestRunner.java:589)
at org.testng.SuiteRunner.runTest(SuiteRunner.java:377)
at org.testng.SuiteRunner.runSequentially(SuiteRunner.java:371)
at org.testng.SuiteRunner.privateRun(SuiteRunner.java:332)
at org.testng.SuiteRunner.run(SuiteRunner.java:276)
at org.testng.SuiteRunnerWorker.runSuite(SuiteRunnerWorker.java:53)
at org.testng.SuiteRunnerWorker.run(SuiteRunnerWorker.java:96)
at org.testng.TestNG.runSuitesSequentially(TestNG.java:1212)
at org.testng.TestNG.runSuitesLocally(TestNG.java:1134)
at org.testng.TestNG.runSuites(TestNG.java:1063)
at org.testng.TestNG.run(TestNG.java:1031)
at org.testng.remote.AbstractRemoteTestNG.run(AbstractRemoteTestNG.java:115)
at org.testng.remote.RemoteTestNG.initAndRun(RemoteTestNG.java:251)
at org.testng.remote.RemoteTestNG.main(RemoteTestNG.java:77)
]]>
            </full-stacktrace>
          </exception> <!-- java.lang.NullPointerException -->
          <reporter-output>
          </reporter-output>
        </test-method> <!-- launchBrowser -->
        <test-method is-config="true" signature="createPOMobjects()[pri:0, instance:temptest.FbTestng@6aeb35e6]" started-at="2022-09-21T08:53:33 EDT" name="createPOMobjects" finished-at="1969-12-31T19:00:00 EST" duration-ms="-1663764813338" status="SKIP">
          <reporter-output>
          </reporter-output>
        </test-method> <!-- createPOMobjects -->
        <test-method is-config="true" signature="openRoomsPage()[pri:0, instance:temptest.FbTestng@6aeb35e6]" started-at="2022-09-21T08:53:33 EDT" name="openRoomsPage" finished-at="1969-12-31T19:00:00 EST" duration-ms="-1663764813340" status="SKIP">
          <reporter-output>
          </reporter-output>
        </test-method> <!-- openRoomsPage -->
        <test-method signature="verifyGoBackToMessenger()[pri:0, instance:temptest.FbTestng@6aeb35e6]" started-at="2022-09-21T08:53:33 EDT" name="verifyGoBackToMessenger" finished-at="2022-09-21T08:53:33 EDT" duration-ms="0" status="SKIP">
          <exception class="java.lang.NullPointerException">
            <message>
              <![CDATA[Cannot invoke "org.openqa.selenium.WebDriver.manage()" because "this.driver" is null]]>
            </message>
            <full-stacktrace>
              <![CDATA[java.lang.NullPointerException: Cannot invoke "org.openqa.selenium.WebDriver.manage()" because "this.driver" is null
at temptest.FbTestng.launchBrowser(FbTestng.java:47)
at java.base/jdk.internal.reflect.DirectMethodHandleAccessor.invoke(DirectMethodHandleAccessor.java:104)
at java.base/java.lang.reflect.Method.invoke(Method.java:577)
at org.testng.internal.MethodInvocationHelper.invokeMethod(MethodInvocationHelper.java:133)
at org.testng.internal.MethodInvocationHelper.invokeMethodConsideringTimeout(MethodInvocationHelper.java:62)
at org.testng.internal.ConfigInvoker.invokeConfigurationMethod(ConfigInvoker.java:385)
at org.testng.internal.ConfigInvoker.invokeConfigurations(ConfigInvoker.java:321)
at org.testng.TestRunner.invokeTestConfigurations(TestRunner.java:637)
at org.testng.TestRunner.beforeRun(TestRunner.java:627)
at org.testng.TestRunner.run(TestRunner.java:589)
at org.testng.SuiteRunner.runTest(SuiteRunner.java:377)
at org.testng.SuiteRunner.runSequentially(SuiteRunner.java:371)
at org.testng.SuiteRunner.privateRun(SuiteRunner.java:332)
at org.testng.SuiteRunner.run(SuiteRunner.java:276)
at org.testng.SuiteRunnerWorker.runSuite(SuiteRunnerWorker.java:53)
at org.testng.SuiteRunnerWorker.run(SuiteRunnerWorker.java:96)
at org.testng.TestNG.runSuitesSequentially(TestNG.java:1212)
at org.testng.TestNG.runSuitesLocally(TestNG.java:1134)
at org.testng.TestNG.runSuites(TestNG.java:1063)
at org.testng.TestNG.run(TestNG.java:1031)
at org.testng.remote.AbstractRemoteTestNG.run(AbstractRemoteTestNG.java:115)
at org.testng.remote.RemoteTestNG.initAndRun(RemoteTestNG.java:251)
at org.testng.remote.RemoteTestNG.main(RemoteTestNG.java:77)
]]>
            </full-stacktrace>
          </exception> <!-- java.lang.NullPointerException -->
          <reporter-output>
          </reporter-output>
        </test-method> <!-- verifyGoBackToMessenger -->
        <test-method is-config="true" signature="logOutfromApplication(org.testng.ITestResult)[pri:0, instance:temptest.FbTestng@6aeb35e6]" started-at="2022-09-21T08:53:33 EDT" name="logOutfromApplication" finished-at="1969-12-31T19:00:00 EST" duration-ms="-1663764813345" status="SKIP">
          <reporter-output>
          </reporter-output>
        </test-method> <!-- logOutfromApplication -->
        <test-method is-config="true" signature="openRoomsPage()[pri:0, instance:temptest.FbTestng@6aeb35e6]" started-at="2022-09-21T08:53:33 EDT" name="openRoomsPage" finished-at="1969-12-31T19:00:00 EST" duration-ms="-1663764813348" status="SKIP">
          <reporter-output>
          </reporter-output>
        </test-method> <!-- openRoomsPage -->
        <test-method signature="verifyVisitOurHelpCentre()[pri:0, instance:temptest.FbTestng@6aeb35e6]" started-at="2022-09-21T08:53:33 EDT" name="verifyVisitOurHelpCentre" finished-at="2022-09-21T08:53:33 EDT" duration-ms="0" status="SKIP">
          <exception class="java.lang.NullPointerException">
            <message>
              <![CDATA[Cannot invoke "org.openqa.selenium.WebDriver.manage()" because "this.driver" is null]]>
            </message>
            <full-stacktrace>
              <![CDATA[java.lang.NullPointerException: Cannot invoke "org.openqa.selenium.WebDriver.manage()" because "this.driver" is null
at temptest.FbTestng.launchBrowser(FbTestng.java:47)
at java.base/jdk.internal.reflect.DirectMethodHandleAccessor.invoke(DirectMethodHandleAccessor.java:104)
at java.base/java.lang.reflect.Method.invoke(Method.java:577)
at org.testng.internal.MethodInvocationHelper.invokeMethod(MethodInvocationHelper.java:133)
at org.testng.internal.MethodInvocationHelper.invokeMethodConsideringTimeout(MethodInvocationHelper.java:62)
at org.testng.internal.ConfigInvoker.invokeConfigurationMethod(ConfigInvoker.java:385)
at org.testng.internal.ConfigInvoker.invokeConfigurations(ConfigInvoker.java:321)
at org.testng.TestRunner.invokeTestConfigurations(TestRunner.java:637)
at org.testng.TestRunner.beforeRun(TestRunner.java:627)
at org.testng.TestRunner.run(TestRunner.java:589)
at org.testng.SuiteRunner.runTest(SuiteRunner.java:377)
at org.testng.SuiteRunner.runSequentially(SuiteRunner.java:371)
at org.testng.SuiteRunner.privateRun(SuiteRunner.java:332)
at org.testng.SuiteRunner.run(SuiteRunner.java:276)
at org.testng.SuiteRunnerWorker.runSuite(SuiteRunnerWorker.java:53)
at org.testng.SuiteRunnerWorker.run(SuiteRunnerWorker.java:96)
at org.testng.TestNG.runSuitesSequentially(TestNG.java:1212)
at org.testng.TestNG.runSuitesLocally(TestNG.java:1134)
at org.testng.TestNG.runSuites(TestNG.java:1063)
at org.testng.TestNG.run(TestNG.java:1031)
at org.testng.remote.AbstractRemoteTestNG.run(AbstractRemoteTestNG.java:115)
at org.testng.remote.RemoteTestNG.initAndRun(RemoteTestNG.java:251)
at org.testng.remote.RemoteTestNG.main(RemoteTestNG.java:77)
]]>
            </full-stacktrace>
          </exception> <!-- java.lang.NullPointerException -->
          <reporter-output>
          </reporter-output>
        </test-method> <!-- verifyVisitOurHelpCentre -->
        <test-method is-config="true" signature="logOutfromApplication(org.testng.ITestResult)[pri:0, instance:temptest.FbTestng@6aeb35e6]" started-at="2022-09-21T08:53:33 EDT" name="logOutfromApplication" finished-at="1969-12-31T19:00:00 EST" duration-ms="-1663764813358" status="SKIP">
          <reporter-output>
          </reporter-output>
        </test-method> <!-- logOutfromApplication -->
        <test-method is-config="true" signature="cleanPOMobjects()[pri:0, instance:temptest.FbTestng@6aeb35e6]" started-at="2022-09-21T08:53:33 EDT" name="cleanPOMobjects" finished-at="1969-12-31T19:00:00 EST" duration-ms="-1663764813361" status="SKIP">
          <reporter-output>
          </reporter-output>
        </test-method> <!-- cleanPOMobjects -->
        <test-method is-config="true" signature="closeBrowser()[pri:0, instance:temptest.FbTestng@6aeb35e6]" started-at="2022-09-21T08:53:33 EDT" name="closeBrowser" finished-at="1969-12-31T19:00:00 EST" duration-ms="-1663764813365" status="SKIP">
          <reporter-output>
          </reporter-output>
        </test-method> <!-- closeBrowser -->
      </class> <!-- temptest.FbTestng -->
      <class name="temptest.FbTestng3">
        <test-method is-config="true" signature="launchBrowser(java.lang.String)[pri:0, instance:temptest.FbTestng3@74f0ea28]" started-at="2022-09-21T08:53:33 EDT" name="launchBrowser" finished-at="1969-12-31T19:00:00 EST" duration-ms="-1663764813297" status="SKIP">
          <reporter-output>
          </reporter-output>
        </test-method> <!-- launchBrowser -->
        <test-method is-config="true" signature="createPOMobjects()[pri:0, instance:temptest.FbTestng3@74f0ea28]" started-at="2022-09-21T08:53:33 EDT" name="createPOMobjects" finished-at="1969-12-31T19:00:00 EST" duration-ms="-1663764813303" status="SKIP">
          <reporter-output>
          </reporter-output>
        </test-method> <!-- createPOMobjects -->
        <test-method is-config="true" signature="openBulletins()[pri:0, instance:temptest.FbTestng3@74f0ea28]" started-at="2022-09-21T08:53:33 EDT" name="openBulletins" finished-at="1969-12-31T19:00:00 EST" duration-ms="-1663764813307" status="SKIP">
          <reporter-output>
          </reporter-output>
        </test-method> <!-- openBulletins -->
        <test-method signature="fillLoginDetails()[pri:0, instance:temptest.FbTestng3@74f0ea28]" started-at="2022-09-21T08:53:33 EDT" name="fillLoginDetails" finished-at="2022-09-21T08:53:33 EDT" duration-ms="0" status="SKIP">
          <exception class="java.lang.NullPointerException">
            <message>
              <![CDATA[Cannot invoke "org.openqa.selenium.WebDriver.manage()" because "this.driver" is null]]>
            </message>
            <full-stacktrace>
              <![CDATA[java.lang.NullPointerException: Cannot invoke "org.openqa.selenium.WebDriver.manage()" because "this.driver" is null
at temptest.FbTestng.launchBrowser(FbTestng.java:47)
at java.base/jdk.internal.reflect.DirectMethodHandleAccessor.invoke(DirectMethodHandleAccessor.java:104)
at java.base/java.lang.reflect.Method.invoke(Method.java:577)
at org.testng.internal.MethodInvocationHelper.invokeMethod(MethodInvocationHelper.java:133)
at org.testng.internal.MethodInvocationHelper.invokeMethodConsideringTimeout(MethodInvocationHelper.java:62)
at org.testng.internal.ConfigInvoker.invokeConfigurationMethod(ConfigInvoker.java:385)
at org.testng.internal.ConfigInvoker.invokeConfigurations(ConfigInvoker.java:321)
at org.testng.TestRunner.invokeTestConfigurations(TestRunner.java:637)
at org.testng.TestRunner.beforeRun(TestRunner.java:627)
at org.testng.TestRunner.run(TestRunner.java:589)
at org.testng.SuiteRunner.runTest(SuiteRunner.java:377)
at org.testng.SuiteRunner.runSequentially(SuiteRunner.java:371)
at org.testng.SuiteRunner.privateRun(SuiteRunner.java:332)
at org.testng.SuiteRunner.run(SuiteRunner.java:276)
at org.testng.SuiteRunnerWorker.runSuite(SuiteRunnerWorker.java:53)
at org.testng.SuiteRunnerWorker.run(SuiteRunnerWorker.java:96)
at org.testng.TestNG.runSuitesSequentially(TestNG.java:1212)
at org.testng.TestNG.runSuitesLocally(TestNG.java:1134)
at org.testng.TestNG.runSuites(TestNG.java:1063)
at org.testng.TestNG.run(TestNG.java:1031)
at org.testng.remote.AbstractRemoteTestNG.run(AbstractRemoteTestNG.java:115)
at org.testng.remote.RemoteTestNG.initAndRun(RemoteTestNG.java:251)
at org.testng.remote.RemoteTestNG.main(RemoteTestNG.java:77)
]]>
            </full-stacktrace>
          </exception> <!-- java.lang.NullPointerException -->
          <reporter-output>
          </reporter-output>
        </test-method> <!-- fillLoginDetails -->
        <test-method is-config="true" signature="logoutapplication(org.testng.ITestResult)[pri:0, instance:temptest.FbTestng3@74f0ea28]" started-at="2022-09-21T08:53:33 EDT" name="logoutapplication" finished-at="1969-12-31T19:00:00 EST" duration-ms="-1663764813334" status="SKIP">
          <reporter-output>
          </reporter-output>
        </test-method> <!-- logoutapplication -->
        <test-method is-config="true" signature="cleanPOMobjects()[pri:0, instance:temptest.FbTestng3@74f0ea28]" started-at="2022-09-21T08:53:33 EDT" name="cleanPOMobjects" finished-at="1969-12-31T19:00:00 EST" duration-ms="-1663764813336" status="SKIP">
          <reporter-output>
          </reporter-output>
        </test-method> <!-- cleanPOMobjects -->
        <test-method is-config="true" signature="closeBrowser()[pri:0, instance:temptest.FbTestng3@74f0ea28]" started-at="2022-09-21T08:53:33 EDT" name="closeBrowser" finished-at="1969-12-31T19:00:00 EST" duration-ms="-1663764813368" status="SKIP">
          <reporter-output>
          </reporter-output>
        </test-method> <!-- closeBrowser -->
      </class> <!-- temptest.FbTestng3 -->
    </test> <!-- FirefoxTest -->
  </suite> <!-- Suite -->
</testng-results>
