<?xml version="1.0" encoding="UTF-8"?>
<!-- Generated by org.testng.reporters.JUnitXMLReporter -->
<testsuite ignored="0" hostname="DESKTOP-IFNDKD5" failures="0" tests="4" name="FirefoxTest(failed)" time="19.46" errors="0" timestamp="2022-09-15T02:16:38 EDT">
  <testcase classname="temptest.AmazonTng2" name="@BeforeTest launchBrowser" time="10.542">
    <failure type="org.openqa.selenium.WebDriverException" message="Failed to decode response from marionette
Build info: version: &amp;apos;3.141.59&amp;apos;, revision: &amp;apos;e82be7d358&amp;apos;, time: &amp;apos;2018-11-14T08:17:03&amp;apos;
System info: host: &amp;apos;DESKTOP-IFNDKD5&amp;apos;, ip: &amp;apos;192.168.208.94&amp;apos;, os.name: &amp;apos;Windows 10&amp;apos;, os.arch: &amp;apos;amd64&amp;apos;, os.version: &amp;apos;10.0&amp;apos;, java.version: &amp;apos;18.0.1.1&amp;apos;
Driver info: driver.version: FirefoxDriver
remote stacktrace: ">
      <![CDATA[org.openqa.selenium.WebDriverException: Failed to decode response from marionette
Build info: version: '3.141.59', revision: 'e82be7d358', time: '2018-11-14T08:17:03'
System info: host: 'DESKTOP-IFNDKD5', ip: '192.168.208.94', os.name: 'Windows 10', os.arch: 'amd64', os.version: '10.0', java.version: '18.0.1.1'
Driver info: driver.version: FirefoxDriver
remote stacktrace: 
at org.openqa.selenium.remote.W3CHandshakeResponse.lambda$errorHandler$0(W3CHandshakeResponse.java:62)
at org.openqa.selenium.remote.HandshakeResponse.lambda$getResponseFunction$0(HandshakeResponse.java:30)
at org.openqa.selenium.remote.ProtocolHandshake.lambda$createSession$0(ProtocolHandshake.java:126)
at java.base/java.util.stream.ReferencePipeline$3$1.accept(ReferencePipeline.java:197)
at java.base/java.util.Spliterators$ArraySpliterator.tryAdvance(Spliterators.java:1002)
at java.base/java.util.stream.ReferencePipeline.forEachWithCancel(ReferencePipeline.java:129)
at java.base/java.util.stream.AbstractPipeline.copyIntoWithCancel(AbstractPipeline.java:527)
at java.base/java.util.stream.AbstractPipeline.copyInto(AbstractPipeline.java:513)
at java.base/java.util.stream.AbstractPipeline.wrapAndCopyInto(AbstractPipeline.java:499)
at java.base/java.util.stream.FindOps$FindOp.evaluateSequential(FindOps.java:150)
at java.base/java.util.stream.AbstractPipeline.evaluate(AbstractPipeline.java:234)
at java.base/java.util.stream.ReferencePipeline.findFirst(ReferencePipeline.java:647)
at org.openqa.selenium.remote.ProtocolHandshake.createSession(ProtocolHandshake.java:128)
at org.openqa.selenium.remote.ProtocolHandshake.createSession(ProtocolHandshake.java:74)
at org.openqa.selenium.remote.HttpCommandExecutor.execute(HttpCommandExecutor.java:136)
at org.openqa.selenium.remote.service.DriverCommandExecutor.execute(DriverCommandExecutor.java:83)
at org.openqa.selenium.remote.RemoteWebDriver.execute(RemoteWebDriver.java:552)
at org.openqa.selenium.remote.RemoteWebDriver.startSession(RemoteWebDriver.java:213)
at org.openqa.selenium.remote.RemoteWebDriver.<init>(RemoteWebDriver.java:131)
at org.openqa.selenium.firefox.FirefoxDriver.<init>(FirefoxDriver.java:147)
at org.openqa.selenium.firefox.FirefoxDriver.<init>(FirefoxDriver.java:125)
at setup.Base.openFirefoxBrowser(Base.java:17)
at temptest.AmazonTng2.launchBrowser(AmazonTng2.java:40)
... Removed 25 stack frames]]>
    </failure>
  </testcase> <!-- @BeforeTest launchBrowser -->
  <testcase classname="temptest.AmazonTng1" name="@BeforeClass createPOMobjects" time="-1.663222598904E9">
    <skipped/>
  </testcase> <!-- @BeforeClass createPOMobjects -->
  <testcase classname="temptest.AmazonTng1" name="@BeforeMethod openMobile" time="-1.663222598911E9">
    <skipped/>
  </testcase> <!-- @BeforeMethod openMobile -->
  <testcase classname="temptest.AmazonTng1" name="@AfterMethod gotoCart" time="-1.663222598919E9">
    <skipped/>
  </testcase> <!-- @AfterMethod gotoCart -->
  <testcase classname="temptest.AmazonTng1" name="@BeforeMethod openMobile" time="-1.663222598922E9">
    <skipped/>
  </testcase> <!-- @BeforeMethod openMobile -->
  <testcase classname="temptest.AmazonTng1" name="@AfterMethod gotoCart" time="-1.663222598932E9">
    <skipped/>
  </testcase> <!-- @AfterMethod gotoCart -->
  <testcase classname="temptest.AmazonTng1" name="@AfterClass cleanPOMobjects" time="-1.663222598935E9">
    <skipped/>
  </testcase> <!-- @AfterClass cleanPOMobjects -->
  <testcase classname="temptest.AmazonTng2" name="@BeforeClass createPOMobjects" time="-1.66322259894E9">
    <skipped/>
  </testcase> <!-- @BeforeClass createPOMobjects -->
  <testcase classname="temptest.AmazonTng2" name="@BeforeMethod openPurse" time="-1.663222598943E9">
    <skipped/>
  </testcase> <!-- @BeforeMethod openPurse -->
  <testcase classname="temptest.AmazonTng2" name="@AfterMethod afterMethod" time="-1.663222598953E9">
    <skipped/>
  </testcase> <!-- @AfterMethod afterMethod -->
  <testcase classname="temptest.AmazonTng2" name="@BeforeMethod openPurse" time="-1.663222598956E9">
    <skipped/>
  </testcase> <!-- @BeforeMethod openPurse -->
  <testcase classname="temptest.AmazonTng2" name="@AfterMethod afterMethod" time="-1.663222598963E9">
    <skipped/>
  </testcase> <!-- @AfterMethod afterMethod -->
  <testcase classname="temptest.AmazonTng2" name="@AfterClass cleanPOMobjects" time="-1.663222598971E9">
    <skipped/>
  </testcase> <!-- @AfterClass cleanPOMobjects -->
  <testcase classname="temptest.AmazonTng1" name="@AfterTest closeBrowser" time="-1.663222598973E9">
    <skipped/>
  </testcase> <!-- @AfterTest closeBrowser -->
  <testcase classname="temptest.AmazonTng2" name="@AfterTest closeBrowser" time="-1.663222598977E9">
    <skipped/>
  </testcase> <!-- @AfterTest closeBrowser -->
  <testcase classname="temptest.AmazonTng1" name="selectVivo" time="0.0">
    <skipped/>
  </testcase> <!-- selectVivo -->
  <testcase classname="temptest.AmazonTng1" name="selectOppo" time="0.0">
    <skipped/>
  </testcase> <!-- selectOppo -->
  <testcase classname="temptest.AmazonTng2" name="pursecolorChoose" time="0.0">
    <skipped/>
  </testcase> <!-- pursecolorChoose -->
  <testcase classname="temptest.AmazonTng2" name="gotoAcc" time="0.0">
    <skipped/>
  </testcase> <!-- gotoAcc -->
</testsuite> <!-- FirefoxTest(failed) -->
